2024-03-11T16:37:35.348+07:00  INFO 14612 --- [restartedMain] c.g.backend.BackEndApplication           : Starting BackEndApplication using Java 21.0.2 with PID 14612 (D:\GuardianNestShopcode\BackEnd\target\classes started by ninhn in D:\GuardianNestShopcode\BackEnd)
2024-03-11T16:37:35.362+07:00  INFO 14612 --- [restartedMain] c.g.backend.BackEndApplication           : No active profile set, falling back to 1 default profile: "default"
2024-03-11T16:37:35.448+07:00  INFO 14612 --- [restartedMain] .e.DevToolsPropertyDefaultsPostProcessor : Devtools property defaults active! Set 'spring.devtools.add-properties' to 'false' to disable
2024-03-11T16:37:35.448+07:00  INFO 14612 --- [restartedMain] .e.DevToolsPropertyDefaultsPostProcessor : For additional web related logging consider setting the 'logging.level.web' property to 'DEBUG'
2024-03-11T16:37:38.968+07:00  INFO 14612 --- [restartedMain] .s.d.r.c.RepositoryConfigurationDelegate : Bootstrapping Spring Data JPA repositories in DEFAULT mode.
2024-03-11T16:37:39.461+07:00  INFO 14612 --- [restartedMain] .s.d.r.c.RepositoryConfigurationDelegate : Finished Spring Data repository scanning in 478 ms. Found 15 JPA repository interfaces.
2024-03-11T16:37:40.111+07:00  WARN 14612 --- [restartedMain] trationDelegate$BeanPostProcessorChecker : Bean 'org.springframework.ws.config.annotation.DelegatingWsConfiguration' of type [org.springframework.ws.config.annotation.DelegatingWsConfiguration$$SpringCGLIB$$0] is not eligible for getting processed by all BeanPostProcessors (for example: not eligible for auto-proxying). The currently created BeanPostProcessor [annotationActionEndpointMapping] is declared through a non-static factory method on that class; consider declaring it as static instead.
2024-03-11T16:37:40.214+07:00  INFO 14612 --- [restartedMain] .w.s.a.s.AnnotationActionEndpointMapping : Supporting [WS-Addressing August 2004, WS-Addressing 1.0]
2024-03-11T16:37:40.864+07:00  INFO 14612 --- [restartedMain] o.s.b.w.embedded.tomcat.TomcatWebServer  : Tomcat initialized with port 1412 (http)
2024-03-11T16:37:40.890+07:00  INFO 14612 --- [restartedMain] o.apache.catalina.core.StandardService   : Starting service [Tomcat]
2024-03-11T16:37:40.890+07:00  INFO 14612 --- [restartedMain] o.apache.catalina.core.StandardEngine    : Starting Servlet engine: [Apache Tomcat/10.1.19]
2024-03-11T16:37:40.997+07:00  INFO 14612 --- [restartedMain] o.a.c.c.C.[Tomcat].[localhost].[/]       : Initializing Spring embedded WebApplicationContext
2024-03-11T16:37:40.998+07:00  INFO 14612 --- [restartedMain] w.s.c.ServletWebServerApplicationContext : Root WebApplicationContext: initialization completed in 5547 ms
2024-03-11T16:37:41.334+07:00  INFO 14612 --- [restartedMain] o.hibernate.jpa.internal.util.LogHelper  : HHH000204: Processing PersistenceUnitInfo [name: default]
2024-03-11T16:37:41.451+07:00  INFO 14612 --- [restartedMain] org.hibernate.Version                    : HHH000412: Hibernate ORM core version 6.4.4.Final
2024-03-11T16:37:41.504+07:00  INFO 14612 --- [restartedMain] o.h.c.internal.RegionFactoryInitiator    : HHH000026: Second-level cache disabled
2024-03-11T16:37:41.889+07:00  INFO 14612 --- [restartedMain] o.s.o.j.p.SpringPersistenceUnitInfo      : No LoadTimeWeaver setup: ignoring JPA class transformer
2024-03-11T16:37:41.929+07:00  INFO 14612 --- [restartedMain] com.zaxxer.hikari.HikariDataSource       : HikariPool-1 - Starting...
2024-03-11T16:37:42.452+07:00  INFO 14612 --- [restartedMain] com.zaxxer.hikari.pool.HikariPool        : HikariPool-1 - Added connection ConnectionID:1 ClientConnectionId: 676ab89b-a34c-4e60-b84d-18fee5be5d43
2024-03-11T16:37:42.455+07:00  INFO 14612 --- [restartedMain] com.zaxxer.hikari.HikariDataSource       : HikariPool-1 - Start completed.
2024-03-11T16:37:42.498+07:00  WARN 14612 --- [restartedMain] org.hibernate.orm.deprecation            : HHH90000025: SQLServer2012Dialect does not need to be specified explicitly using 'hibernate.dialect' (remove the property setting and it will be selected by default)
2024-03-11T16:37:42.499+07:00  WARN 14612 --- [restartedMain] org.hibernate.orm.deprecation            : HHH90000026: SQLServer2012Dialect has been deprecated; use org.hibernate.dialect.SQLServerDialect instead
2024-03-11T16:37:43.904+07:00  INFO 14612 --- [restartedMain] o.h.e.t.j.p.i.JtaPlatformInitiator       : HHH000489: No JTA platform available (set 'hibernate.transaction.jta.platform' to enable JTA platform integration)
2024-03-11T16:37:44.905+07:00  INFO 14612 --- [restartedMain] j.LocalContainerEntityManagerFactoryBean : Initialized JPA EntityManagerFactory for persistence unit 'default'
2024-03-11T16:37:45.585+07:00  INFO 14612 --- [restartedMain] o.s.d.j.r.query.QueryEnhancerFactory     : Hibernate is in classpath; If applicable, HQL parser will be used.
2024-03-11T16:37:46.710+07:00  WARN 14612 --- [restartedMain] JpaBaseConfiguration$JpaWebConfiguration : spring.jpa.open-in-view is enabled by default. Therefore, database queries may be performed during view rendering. Explicitly configure spring.jpa.open-in-view to disable this warning
2024-03-11T16:37:47.209+07:00  WARN 14612 --- [restartedMain] ion$DefaultTemplateResolverConfiguration : Cannot find template location: classpath:/templates/ (please add some templates, check your Thymeleaf configuration, or set spring.thymeleaf.check-template-location=false)
2024-03-11T16:37:47.357+07:00  INFO 14612 --- [restartedMain] o.s.b.d.a.OptionalLiveReloadServer       : LiveReload server is running on port 35729
2024-03-11T16:37:47.443+07:00  INFO 14612 --- [restartedMain] o.s.b.w.embedded.tomcat.TomcatWebServer  : Tomcat started on port 1412 (http) with context path ''
2024-03-11T16:37:47.453+07:00  INFO 14612 --- [restartedMain] c.g.backend.BackEndApplication           : Started BackEndApplication in 12.848 seconds (process running for 15.006)
2024-03-11T16:38:02.475+07:00  INFO 14612 --- [File Watcher] rtingClassPathChangeChangedEventListener : Restarting due to 1 class path change (0 additions, 0 deletions, 1 modification)
2024-03-11T16:38:02.542+07:00  INFO 14612 --- [Thread-5] j.LocalContainerEntityManagerFactoryBean : Closing JPA EntityManagerFactory for persistence unit 'default'
2024-03-11T16:38:02.549+07:00  INFO 14612 --- [Thread-5] com.zaxxer.hikari.HikariDataSource       : HikariPool-1 - Shutdown initiated...
2024-03-11T16:38:02.553+07:00  INFO 14612 --- [Thread-5] com.zaxxer.hikari.HikariDataSource       : HikariPool-1 - Shutdown completed.
2024-03-11T16:38:02.738+07:00  INFO 14612 --- [restartedMain] c.g.backend.BackEndApplication           : Starting BackEndApplication using Java 21.0.2 with PID 14612 (D:\GuardianNestShopcode\BackEnd\target\classes started by ninhn in D:\GuardianNestShopcode\BackEnd)
2024-03-11T16:38:02.739+07:00  INFO 14612 --- [restartedMain] c.g.backend.BackEndApplication           : No active profile set, falling back to 1 default profile: "default"
2024-03-11T16:38:03.316+07:00  INFO 14612 --- [restartedMain] .s.d.r.c.RepositoryConfigurationDelegate : Bootstrapping Spring Data JPA repositories in DEFAULT mode.
2024-03-11T16:38:03.376+07:00  INFO 14612 --- [restartedMain] .s.d.r.c.RepositoryConfigurationDelegate : Finished Spring Data repository scanning in 59 ms. Found 15 JPA repository interfaces.
2024-03-11T16:38:03.512+07:00  WARN 14612 --- [restartedMain] trationDelegate$BeanPostProcessorChecker : Bean 'org.springframework.ws.config.annotation.DelegatingWsConfiguration' of type [org.springframework.ws.config.annotation.DelegatingWsConfiguration$$SpringCGLIB$$0] is not eligible for getting processed by all BeanPostProcessors (for example: not eligible for auto-proxying). The currently created BeanPostProcessor [annotationActionEndpointMapping] is declared through a non-static factory method on that class; consider declaring it as static instead.
2024-03-11T16:38:03.514+07:00  INFO 14612 --- [restartedMain] .w.s.a.s.AnnotationActionEndpointMapping : Supporting [WS-Addressing August 2004, WS-Addressing 1.0]
2024-03-11T16:38:03.621+07:00  INFO 14612 --- [restartedMain] o.s.b.w.embedded.tomcat.TomcatWebServer  : Tomcat initialized with port 1412 (http)
2024-03-11T16:38:03.623+07:00  INFO 14612 --- [restartedMain] o.apache.catalina.core.StandardService   : Starting service [Tomcat]
2024-03-11T16:38:03.624+07:00  INFO 14612 --- [restartedMain] o.apache.catalina.core.StandardEngine    : Starting Servlet engine: [Apache Tomcat/10.1.19]
2024-03-11T16:38:03.679+07:00  INFO 14612 --- [restartedMain] o.a.c.c.C.[Tomcat].[localhost].[/]       : Initializing Spring embedded WebApplicationContext
2024-03-11T16:38:03.679+07:00  INFO 14612 --- [restartedMain] w.s.c.ServletWebServerApplicationContext : Root WebApplicationContext: initialization completed in 933 ms
2024-03-11T16:38:03.764+07:00  INFO 14612 --- [restartedMain] o.hibernate.jpa.internal.util.LogHelper  : HHH000204: Processing PersistenceUnitInfo [name: default]
2024-03-11T16:38:03.770+07:00  INFO 14612 --- [restartedMain] o.h.c.internal.RegionFactoryInitiator    : HHH000026: Second-level cache disabled
2024-03-11T16:38:03.782+07:00  INFO 14612 --- [restartedMain] o.s.o.j.p.SpringPersistenceUnitInfo      : No LoadTimeWeaver setup: ignoring JPA class transformer
2024-03-11T16:38:03.784+07:00  INFO 14612 --- [restartedMain] com.zaxxer.hikari.HikariDataSource       : HikariPool-2 - Starting...
2024-03-11T16:38:03.833+07:00  INFO 14612 --- [restartedMain] com.zaxxer.hikari.pool.HikariPool        : HikariPool-2 - Added connection ConnectionID:11 ClientConnectionId: 8bf3c46e-e057-430f-9ba6-3d016c5298ec
2024-03-11T16:38:03.834+07:00  INFO 14612 --- [restartedMain] com.zaxxer.hikari.HikariDataSource       : HikariPool-2 - Start completed.
2024-03-11T16:38:03.834+07:00  WARN 14612 --- [restartedMain] org.hibernate.orm.deprecation            : HHH90000025: SQLServer2012Dialect does not need to be specified explicitly using 'hibernate.dialect' (remove the property setting and it will be selected by default)
2024-03-11T16:38:03.835+07:00  WARN 14612 --- [restartedMain] org.hibernate.orm.deprecation            : HHH90000026: SQLServer2012Dialect has been deprecated; use org.hibernate.dialect.SQLServerDialect instead
2024-03-11T16:38:04.487+07:00  INFO 14612 --- [restartedMain] o.h.e.t.j.p.i.JtaPlatformInitiator       : HHH000489: No JTA platform available (set 'hibernate.transaction.jta.platform' to enable JTA platform integration)
2024-03-11T16:38:04.640+07:00  INFO 14612 --- [restartedMain] j.LocalContainerEntityManagerFactoryBean : Initialized JPA EntityManagerFactory for persistence unit 'default'
2024-03-11T16:38:06.018+07:00  WARN 14612 --- [restartedMain] JpaBaseConfiguration$JpaWebConfiguration : spring.jpa.open-in-view is enabled by default. Therefore, database queries may be performed during view rendering. Explicitly configure spring.jpa.open-in-view to disable this warning
2024-03-11T16:38:06.283+07:00  WARN 14612 --- [restartedMain] ion$DefaultTemplateResolverConfiguration : Cannot find template location: classpath:/templates/ (please add some templates, check your Thymeleaf configuration, or set spring.thymeleaf.check-template-location=false)
2024-03-11T16:38:06.350+07:00  INFO 14612 --- [restartedMain] o.s.b.d.a.OptionalLiveReloadServer       : LiveReload server is running on port 35729
2024-03-11T16:38:06.405+07:00  INFO 14612 --- [restartedMain] o.s.b.w.embedded.tomcat.TomcatWebServer  : Tomcat started on port 1412 (http) with context path ''
2024-03-11T16:38:06.413+07:00  INFO 14612 --- [restartedMain] c.g.backend.BackEndApplication           : Started BackEndApplication in 3.739 seconds (process running for 33.965)
2024-03-11T16:38:06.417+07:00  INFO 14612 --- [restartedMain] .ConditionEvaluationDeltaLoggingListener : Condition evaluation unchanged
2024-03-11T16:39:45.299+07:00  INFO 14612 --- [http-nio-1412-exec-1] o.a.c.c.C.[Tomcat].[localhost].[/]       : Initializing Spring DispatcherServlet 'dispatcherServlet'
2024-03-11T16:39:45.300+07:00  INFO 14612 --- [http-nio-1412-exec-1] o.s.web.servlet.DispatcherServlet        : Initializing Servlet 'dispatcherServlet'
2024-03-11T16:39:45.301+07:00  INFO 14612 --- [http-nio-1412-exec-1] o.s.web.servlet.DispatcherServlet        : Completed initialization in 1 ms
2024-03-11T16:40:27.210+07:00  INFO 14612 --- [File Watcher] rtingClassPathChangeChangedEventListener : Restarting due to 1 class path change (0 additions, 0 deletions, 1 modification)
2024-03-11T16:40:27.280+07:00  INFO 14612 --- [Thread-7] j.LocalContainerEntityManagerFactoryBean : Closing JPA EntityManagerFactory for persistence unit 'default'
2024-03-11T16:40:27.281+07:00  INFO 14612 --- [Thread-7] com.zaxxer.hikari.HikariDataSource       : HikariPool-2 - Shutdown initiated...
2024-03-11T16:40:27.283+07:00  INFO 14612 --- [Thread-7] com.zaxxer.hikari.HikariDataSource       : HikariPool-2 - Shutdown completed.
2024-03-11T16:40:27.498+07:00  INFO 14612 --- [restartedMain] c.g.backend.BackEndApplication           : Starting BackEndApplication using Java 21.0.2 with PID 14612 (D:\GuardianNestShopcode\BackEnd\target\classes started by ninhn in D:\GuardianNestShopcode\BackEnd)
2024-03-11T16:40:27.499+07:00  INFO 14612 --- [restartedMain] c.g.backend.BackEndApplication           : No active profile set, falling back to 1 default profile: "default"
2024-03-11T16:40:28.070+07:00  INFO 14612 --- [restartedMain] .s.d.r.c.RepositoryConfigurationDelegate : Bootstrapping Spring Data JPA repositories in DEFAULT mode.
2024-03-11T16:40:28.126+07:00  INFO 14612 --- [restartedMain] .s.d.r.c.RepositoryConfigurationDelegate : Finished Spring Data repository scanning in 56 ms. Found 15 JPA repository interfaces.
2024-03-11T16:40:28.277+07:00  WARN 14612 --- [restartedMain] trationDelegate$BeanPostProcessorChecker : Bean 'org.springframework.ws.config.annotation.DelegatingWsConfiguration' of type [org.springframework.ws.config.annotation.DelegatingWsConfiguration$$SpringCGLIB$$0] is not eligible for getting processed by all BeanPostProcessors (for example: not eligible for auto-proxying). The currently created BeanPostProcessor [annotationActionEndpointMapping] is declared through a non-static factory method on that class; consider declaring it as static instead.
2024-03-11T16:40:28.280+07:00  INFO 14612 --- [restartedMain] .w.s.a.s.AnnotationActionEndpointMapping : Supporting [WS-Addressing August 2004, WS-Addressing 1.0]
2024-03-11T16:40:28.368+07:00  INFO 14612 --- [restartedMain] o.s.b.w.embedded.tomcat.TomcatWebServer  : Tomcat initialized with port 1412 (http)
2024-03-11T16:40:28.371+07:00  INFO 14612 --- [restartedMain] o.apache.catalina.core.StandardService   : Starting service [Tomcat]
2024-03-11T16:40:28.371+07:00  INFO 14612 --- [restartedMain] o.apache.catalina.core.StandardEngine    : Starting Servlet engine: [Apache Tomcat/10.1.19]
2024-03-11T16:40:28.406+07:00  INFO 14612 --- [restartedMain] o.a.c.c.C.[Tomcat].[localhost].[/]       : Initializing Spring embedded WebApplicationContext
2024-03-11T16:40:28.406+07:00  INFO 14612 --- [restartedMain] w.s.c.ServletWebServerApplicationContext : Root WebApplicationContext: initialization completed in 901 ms
2024-03-11T16:40:28.473+07:00  INFO 14612 --- [restartedMain] o.hibernate.jpa.internal.util.LogHelper  : HHH000204: Processing PersistenceUnitInfo [name: default]
2024-03-11T16:40:28.478+07:00  INFO 14612 --- [restartedMain] o.h.c.internal.RegionFactoryInitiator    : HHH000026: Second-level cache disabled
2024-03-11T16:40:28.486+07:00  INFO 14612 --- [restartedMain] o.s.o.j.p.SpringPersistenceUnitInfo      : No LoadTimeWeaver setup: ignoring JPA class transformer
2024-03-11T16:40:28.488+07:00  INFO 14612 --- [restartedMain] com.zaxxer.hikari.HikariDataSource       : HikariPool-3 - Starting...
2024-03-11T16:40:28.558+07:00  INFO 14612 --- [restartedMain] com.zaxxer.hikari.pool.HikariPool        : HikariPool-3 - Added connection ConnectionID:21 ClientConnectionId: f2b5684c-5449-4646-86dc-23cc423d67dd
2024-03-11T16:40:28.559+07:00  INFO 14612 --- [restartedMain] com.zaxxer.hikari.HikariDataSource       : HikariPool-3 - Start completed.
2024-03-11T16:40:28.559+07:00  WARN 14612 --- [restartedMain] org.hibernate.orm.deprecation            : HHH90000025: SQLServer2012Dialect does not need to be specified explicitly using 'hibernate.dialect' (remove the property setting and it will be selected by default)
2024-03-11T16:40:28.559+07:00  WARN 14612 --- [restartedMain] org.hibernate.orm.deprecation            : HHH90000026: SQLServer2012Dialect has been deprecated; use org.hibernate.dialect.SQLServerDialect instead
2024-03-11T16:40:28.826+07:00  INFO 14612 --- [restartedMain] o.h.e.t.j.p.i.JtaPlatformInitiator       : HHH000489: No JTA platform available (set 'hibernate.transaction.jta.platform' to enable JTA platform integration)
2024-03-11T16:40:29.549+07:00  INFO 14612 --- [restartedMain] j.LocalContainerEntityManagerFactoryBean : Initialized JPA EntityManagerFactory for persistence unit 'default'
2024-03-11T16:40:30.137+07:00  WARN 14612 --- [restartedMain] JpaBaseConfiguration$JpaWebConfiguration : spring.jpa.open-in-view is enabled by default. Therefore, database queries may be performed during view rendering. Explicitly configure spring.jpa.open-in-view to disable this warning
2024-03-11T16:40:30.293+07:00  WARN 14612 --- [restartedMain] ion$DefaultTemplateResolverConfiguration : Cannot find template location: classpath:/templates/ (please add some templates, check your Thymeleaf configuration, or set spring.thymeleaf.check-template-location=false)
2024-03-11T16:40:30.316+07:00  INFO 14612 --- [restartedMain] o.s.b.d.a.OptionalLiveReloadServer       : LiveReload server is running on port 35729
2024-03-11T16:40:30.336+07:00  INFO 14612 --- [restartedMain] o.s.b.w.embedded.tomcat.TomcatWebServer  : Tomcat started on port 1412 (http) with context path ''
2024-03-11T16:40:30.341+07:00  INFO 14612 --- [restartedMain] c.g.backend.BackEndApplication           : Started BackEndApplication in 2.916 seconds (process running for 177.893)
2024-03-11T16:40:30.342+07:00  INFO 14612 --- [restartedMain] .ConditionEvaluationDeltaLoggingListener : Condition evaluation unchanged
2024-03-11T16:40:33.495+07:00  INFO 14612 --- [http-nio-1412-exec-1] o.a.c.c.C.[Tomcat].[localhost].[/]       : Initializing Spring DispatcherServlet 'dispatcherServlet'
2024-03-11T16:40:33.495+07:00  INFO 14612 --- [http-nio-1412-exec-1] o.s.web.servlet.DispatcherServlet        : Initializing Servlet 'dispatcherServlet'
2024-03-11T16:40:33.498+07:00  INFO 14612 --- [http-nio-1412-exec-1] o.s.web.servlet.DispatcherServlet        : Completed initialization in 3 ms
2024-03-11T16:48:51.394+07:00  INFO 14612 --- [SpringApplicationShutdownHook] j.LocalContainerEntityManagerFactoryBean : Closing JPA EntityManagerFactory for persistence unit 'default'
2024-03-11T16:48:51.397+07:00  INFO 14612 --- [SpringApplicationShutdownHook] com.zaxxer.hikari.HikariDataSource       : HikariPool-3 - Shutdown initiated...
2024-03-11T16:48:51.401+07:00  INFO 14612 --- [SpringApplicationShutdownHook] com.zaxxer.hikari.HikariDataSource       : HikariPool-3 - Shutdown completed.
